<?xml version="1.0" encoding="UTF-8"?>
<testsuite xmlns:xsi="http://www.w3.org/2001/XMLSchema-instance" xsi:noNamespaceSchemaLocation="https://maven.apache.org/surefire/maven-surefire-plugin/xsd/surefire-test-report-3.0.xsd" version="3.0" name="darts.ng.io.usersMicroservice.UsersMicroserviceApplicationTests" time="10.089" tests="1" errors="0" skipped="0" failures="0">
  <properties>
[...]
</properties>
  <testcase name="contextLoads" classname="darts.ng.io.usersMicroservice.UsersMicroserviceApplicationTests" time="0.754">
    <system-out><![CDATA[06:28:44.753 [main] INFO org.springframework.test.context.support.AnnotationConfigContextLoaderUtils -- Could not detect default configuration classes for test class [darts.ng.io.usersMicroservice.UsersMicroserviceApplicationTests]: UsersMicroserviceApplicationTests does not declare any static, non-private, non-final, nested classes annotated with @Configuration.
06:28:44.935 [main] INFO org.springframework.boot.test.context.SpringBootTestContextBootstrapper -- Found @SpringBootConfiguration darts.ng.io.usersMicroservice.Applications for test class darts.ng.io.usersMicroservice.UsersMicroserviceApplicationTests
06:28:45.173 [main] INFO org.springframework.boot.devtools.restart.RestartApplicationListener -- Restart disabled due to context in which it is running

  .   ____          _            __ _ _
 /\\ / ___'_ __ _ _(_)_ __  __ _ \ \ \ \
( ( )\___ | '_ | '_| | '_ \/ _` | \ \ \ \
 \\/  ___)| |_)| | | | | || (_| |  ) ) ) )
  '  |____| .__|_| |_|_| |_\__, | / / / /
 =========|_|==============|___/=/_/_/_/

 :: Spring Boot ::                (v3.3.3)

2024-10-10T06:28:45.630+01:00  WARN 2532 --- [usersMicroservice] [           main] ory$DuplicateJsonObjectContextCustomizer : 

Found multiple occurrences of org.json.JSONObject on the class path:

	jar:file:/Users/paulaigbokhaiolukayode/.m2/repository/org/json/json/20231013/json-20231013.jar!/org/json/JSONObject.class
	jar:file:/Users/paulaigbokhaiolukayode/.m2/repository/com/vaadin/external/google/android-json/0.0.20131108.vaadin1/android-json-0.0.20131108.vaadin1.jar!/org/json/JSONObject.class

You may wish to exclude one of them to ensure predictable runtime behavior

2024-10-10T06:28:45.662+01:00  INFO 2532 --- [usersMicroservice] [           main] .n.i.u.UsersMicroserviceApplicationTests : Starting UsersMicroserviceApplicationTests using Java 22.0.2 with PID 2532 (started by paulaigbokhaiolukayode in /Users/paulaigbokhaiolukayode/Documents/Applications/userMicroservice)
2024-10-10T06:28:45.664+01:00  INFO 2532 --- [usersMicroservice] [           main] .n.i.u.UsersMicroserviceApplicationTests : No active profile set, falling back to 1 default profile: "default"
2024-10-10T06:28:46.759+01:00  INFO 2532 --- [usersMicroservice] [           main] .s.d.r.c.RepositoryConfigurationDelegate : Multiple Spring Data modules found, entering strict repository configuration mode
2024-10-10T06:28:46.764+01:00  INFO 2532 --- [usersMicroservice] [           main] .s.d.r.c.RepositoryConfigurationDelegate : Bootstrapping Spring Data Redis repositories in DEFAULT mode.
2024-10-10T06:28:46.798+01:00  INFO 2532 --- [usersMicroservice] [           main] .s.d.r.c.RepositoryConfigurationDelegate : Finished Spring Data repository scanning in 5 ms. Found 0 Redis repository interfaces.
2024-10-10T06:28:47.152+01:00  INFO 2532 --- [usersMicroservice] [           main] .s.d.r.c.RepositoryConfigurationDelegate : Multiple Spring Data modules found, entering strict repository configuration mode
2024-10-10T06:28:47.155+01:00  INFO 2532 --- [usersMicroservice] [           main] .s.d.r.c.RepositoryConfigurationDelegate : Bootstrapping Spring Data JPA repositories in DEFAULT mode.
2024-10-10T06:28:47.389+01:00  INFO 2532 --- [usersMicroservice] [           main] .s.d.r.c.RepositoryConfigurationDelegate : Finished Spring Data repository scanning in 220 ms. Found 2 JPA repository interfaces.
2024-10-10T06:28:47.402+01:00  INFO 2532 --- [usersMicroservice] [           main] .s.d.r.c.RepositoryConfigurationDelegate : Multiple Spring Data modules found, entering strict repository configuration mode
2024-10-10T06:28:47.403+01:00  INFO 2532 --- [usersMicroservice] [           main] .s.d.r.c.RepositoryConfigurationDelegate : Bootstrapping Spring Data Redis repositories in DEFAULT mode.
2024-10-10T06:28:47.419+01:00  INFO 2532 --- [usersMicroservice] [           main] .RepositoryConfigurationExtensionSupport : Spring Data Redis - Could not safely identify store assignment for repository candidate interface darts.ng.io.usersMicroservice.darts_app.repository.UserBlackListedRepo; If you want this repository to be a Redis repository, consider annotating your entities with one of these annotations: org.springframework.data.redis.core.RedisHash (preferred), or consider extending one of the following types with your repository: org.springframework.data.keyvalue.repository.KeyValueRepository
2024-10-10T06:28:47.419+01:00  INFO 2532 --- [usersMicroservice] [           main] .RepositoryConfigurationExtensionSupport : Spring Data Redis - Could not safely identify store assignment for repository candidate interface darts.ng.io.usersMicroservice.darts_app.repository.UserDatabaseRepo; If you want this repository to be a Redis repository, consider annotating your entities with one of these annotations: org.springframework.data.redis.core.RedisHash (preferred), or consider extending one of the following types with your repository: org.springframework.data.keyvalue.repository.KeyValueRepository
2024-10-10T06:28:47.419+01:00  INFO 2532 --- [usersMicroservice] [           main] .s.d.r.c.RepositoryConfigurationDelegate : Finished Spring Data repository scanning in 16 ms. Found 0 Redis repository interfaces.
2024-10-10T06:28:48.472+01:00  INFO 2532 --- [usersMicroservice] [           main] o.hibernate.jpa.internal.util.LogHelper  : HHH000204: Processing PersistenceUnitInfo [name: default]
2024-10-10T06:28:48.574+01:00  INFO 2532 --- [usersMicroservice] [           main] org.hibernate.Version                    : HHH000412: Hibernate ORM core version 6.5.2.Final
2024-10-10T06:28:48.630+01:00  INFO 2532 --- [usersMicroservice] [           main] o.h.c.internal.RegionFactoryInitiator    : HHH000026: Second-level cache disabled
2024-10-10T06:28:48.973+01:00  INFO 2532 --- [usersMicroservice] [           main] o.s.o.j.p.SpringPersistenceUnitInfo      : No LoadTimeWeaver setup: ignoring JPA class transformer
2024-10-10T06:28:49.006+01:00  INFO 2532 --- [usersMicroservice] [           main] com.zaxxer.hikari.HikariDataSource       : HikariPool-1 - Starting...
2024-10-10T06:28:49.303+01:00  INFO 2532 --- [usersMicroservice] [           main] com.zaxxer.hikari.pool.HikariPool        : HikariPool-1 - Added connection org.postgresql.jdbc.PgConnection@d512c1
2024-10-10T06:28:49.305+01:00  INFO 2532 --- [usersMicroservice] [           main] com.zaxxer.hikari.HikariDataSource       : HikariPool-1 - Start completed.
2024-10-10T06:28:51.105+01:00  INFO 2532 --- [usersMicroservice] [           main] o.h.e.t.j.p.i.JtaPlatformInitiator       : HHH000489: No JTA platform available (set 'hibernate.transaction.jta.platform' to enable JTA platform integration)
2024-10-10T06:28:51.108+01:00  INFO 2532 --- [usersMicroservice] [           main] j.LocalContainerEntityManagerFactoryBean : Initialized JPA EntityManagerFactory for persistence unit 'default'
2024-10-10T06:28:52.393+01:00  WARN 2532 --- [usersMicroservice] [           main] JpaBaseConfiguration$JpaWebConfiguration : spring.jpa.open-in-view is enabled by default. Therefore, database queries may be performed during view rendering. Explicitly configure spring.jpa.open-in-view to disable this warning
2024-10-10T06:28:52.428+01:00  INFO 2532 --- [usersMicroservice] [           main] r$InitializeUserDetailsManagerConfigurer : Global AuthenticationManager configured with UserDetailsService bean with name customUserDetailsService
2024-10-10T06:28:53.928+01:00  INFO 2532 --- [usersMicroservice] [           main] .n.i.u.UsersMicroserviceApplicationTests : Started UsersMicroserviceApplicationTests in 8.778 seconds (process running for 10.599)
]]></system-out>
    <system-err><![CDATA[Oct 10, 2024 6:28:44 AM org.junit.platform.launcher.core.LauncherConfigurationParameters loadClasspathResource
WARNING: Discovered 2 'junit-platform.properties' configuration files in the classpath; only the first will be used.
Oct 10, 2024 6:28:44 AM org.junit.platform.launcher.core.LauncherConfigurationParameters loadClasspathResource
WARNING: Discovered 2 'junit-platform.properties' configuration files in the classpath; only the first will be used.
Oct 10, 2024 6:28:44 AM org.junit.platform.launcher.core.LauncherConfigurationParameters loadClasspathResource
WARNING: Discovered 2 'junit-platform.properties' configuration files in the classpath; only the first will be used.
WARNING: A Java agent has been loaded dynamically (/Users/paulaigbokhaiolukayode/.m2/repository/net/bytebuddy/byte-buddy-agent/1.14.19/byte-buddy-agent-1.14.19.jar)
WARNING: If a serviceability tool is in use, please run with -XX:+EnableDynamicAgentLoading to hide this warning
WARNING: If a serviceability tool is not in use, please run with -Djdk.instrument.traceUsage for more information
WARNING: Dynamic loading of agents will be disallowed by default in a future release
]]></system-err>
  </testcase>
</testsuite>